2026-06-21 23:22:00.047 [info] Extension host with pid 72199 started
2026-06-21 23:22:00.881 [info] ExtensionService#_doActivateExtension vscode.github-authentication, startup: false, activationEvent: 'onAuthenticationRequest:github'
2026-06-21 23:22:00.918 [info] ExtensionService#_doActivateExtension vscode.emmet, startup: false, activationEvent: 'onLanguage'
2026-06-21 23:22:00.940 [info] ExtensionService#_doActivateExtension vscode.css-language-features, startup: false, activationEvent: 'onLanguage:css'
2026-06-21 23:22:01.446 [info] ExtensionService#_doActivateExtension vscode.git-base, startup: true, activationEvent: '*', root cause: vscode.git
2026-06-21 23:22:01.474 [info] ExtensionService#_doActivateExtension christian-kohler.path-intellisense, startup: true, activationEvent: '*'
2026-06-21 23:22:01.509 [info] ExtensionService#_doActivateExtension vscode.git, startup: true, activationEvent: '*'
2026-06-21 23:22:01.601 [info] ExtensionService#_doActivateExtension vscode.github, startup: true, activationEvent: '*'
2026-06-21 23:22:01.702 [info] Eager extensions activated
2026-06-21 23:22:01.805 [info] ExtensionService#_doActivateExtension vscode.debug-auto-launch, startup: false, activationEvent: 'onStartupFinished'
2026-06-21 23:22:01.808 [info] ExtensionService#_doActivateExtension vscode.merge-conflict, startup: false, activationEvent: 'onStartupFinished'
2026-06-21 23:22:01.838 [info] ExtensionService#_doActivateExtension eamodio.gitlens, startup: false, activationEvent: 'onStartupFinished'
2026-06-21 23:22:02.037 [info] ExtensionService#_doActivateExtension PKief.material-icon-theme, startup: false, activationEvent: 'onStartupFinished'
2026-06-21 23:22:02.057 [info] ExtensionService#_doActivateExtension ritwickdey.LiveServer, startup: false, activationEvent: 'onStartupFinished'
2026-06-21 23:22:02.066 [info] ExtensionService#_doActivateExtension usernamehw.errorlens, startup: false, activationEvent: 'onStartupFinished'
2026-06-21 23:26:54.040 [info] Extension host terminating: renderer closed the MessagePort
2026-06-21 23:26:54.068 [error] An error occurred when disposing the subscriptions for extension 'eamodio.gitlens':
2026-06-21 23:26:54.075 [error] Error: Channel has been closed
	at r (file:///usr/lib/code/out/vs/workbench/api/node/extensionHostProcess.js:541:3935)
	at Object.info (file:///usr/lib/code/out/vs/workbench/api/node/extensionHostProcess.js:541:4305)
	at Logger.info (/home/maria/.vscode-oss/extensions/eamodio.gitlens-18.2.0-universal/dist/gitlens.js:19:39718)
	at GkCliIntegrationProvider.stop (/home/maria/.vscode-oss/extensions/eamodio.gitlens-18.2.0-universal/dist/gitlens.js:526:43455)
	at GkCliIntegrationProvider.dispose (/home/maria/.vscode-oss/extensions/eamodio.gitlens-18.2.0-universal/dist/gitlens.js:526:41985)
	at /home/maria/.vscode-oss/extensions/eamodio.gitlens-18.2.0-universal/dist/gitlens.js:437:67272
	at Array.forEach (<anonymous>)
	at Object.dispose (/home/maria/.vscode-oss/extensions/eamodio.gitlens-18.2.0-universal/dist/gitlens.js:437:67253)
	at wn (file:///usr/lib/code/out/vs/workbench/api/node/extensionHostProcess.js:429:736)
	at XP._fn (file:///usr/lib/code/out/vs/workbench/api/node/extensionHostProcess.js:538:18391)
	at XP.dispose (file:///usr/lib/code/out/vs/workbench/api/node/extensionHostProcess.js:429:1248)
	at SP._deactivate (file:///usr/lib/code/out/vs/workbench/api/node/extensionHostProcess.js:538:14708)
	at file:///usr/lib/code/out/vs/workbench/api/node/extensionHostProcess.js:538:12010
	at Array.map (<anonymous>)
	at SP._deactivateAll (file:///usr/lib/code/out/vs/workbench/api/node/extensionHostProcess.js:538:11998)
	at SP.terminate (file:///usr/lib/code/out/vs/workbench/api/node/extensionHostProcess.js:538:12349)
	at i.terminate (file:///usr/lib/code/out/vs/workbench/api/node/extensionHostProcess.js:540:1072)
	at Js (file:///usr/lib/code/out/vs/workbench/api/node/extensionHostProcess.js:837:11733)
	at MessagePortMain.<anonymous> (file:///usr/lib/code/out/vs/workbench/api/node/extensionHostProcess.js:837:8155)
	at MessagePortMain.emit (node:events:509:28)
	at MessagePortMain._internalPort.emit (node:electron/js2c/utility_init:2:2934)
2026-06-21 23:26:54.081 [info] Extension host with pid 72199 exiting with code 0
